<?xml version="1.0" encoding="UTF-8"?>
<testng-results ignored="0" total="1" passed="1" failed="0" skipped="0">
  <reporter-output>
  </reporter-output>
  <suite started-at="2022-12-03T22:29:14 IST" name="Default suite" finished-at="2022-12-03T22:33:32 IST" duration-ms="257821">
    <groups>
    </groups>
    <test started-at="2022-12-03T22:29:14 IST" name="Default test" finished-at="2022-12-03T22:33:32 IST" duration-ms="257821">
      <class name="com.automation.testcases.LoginTestCRM">
        <test-method is-config="true" signature="setUpSuite()[pri:0, instance:com.automation.testcases.LoginTestCRM@34123d65]" started-at="2022-12-03T22:29:06 IST" name="setUpSuite" finished-at="2022-12-03T22:29:14 IST" duration-ms="8274" status="PASS">
          <reporter-output>
          </reporter-output>
        </test-method> <!-- setUpSuite -->
        <test-method is-config="true" signature="setUp()[pri:0, instance:com.automation.testcases.LoginTestCRM@34123d65]" started-at="2022-12-03T22:29:14 IST" name="setUp" finished-at="2022-12-03T22:33:18 IST" duration-ms="243336" status="PASS">
          <reporter-output>
          </reporter-output>
        </test-method> <!-- setUp -->
        <test-method signature="loginApp()[pri:0, instance:com.automation.testcases.LoginTestCRM@34123d65]" started-at="2022-12-03T22:33:18 IST" name="loginApp" finished-at="2022-12-03T22:33:32 IST" duration-ms="13931" status="PASS">
          <reporter-output>
          </reporter-output>
        </test-method> <!-- loginApp -->
      </class> <!-- com.automation.testcases.LoginTestCRM -->
    </test> <!-- Default test -->
  </suite> <!-- Default suite -->
</testng-results>
